-------------------------------------------------------------------------------
Test set: GoodJobProject.DefinitionTestSuite
-------------------------------------------------------------------------------
Tests run: 3, Failures: 1, Errors: 0, Skipped: 0, Time elapsed: 213.688 sec <<< FAILURE! - in GoodJobProject.DefinitionTestSuite
Login and verify on home page(Login to GoodJob)  Time elapsed: 89.828 sec  <<< FAILURE!
junit.framework.ComparisonFailure: expected:<Companies[1]> but was:<Companies[]>

