-------------------------------------------------------------------------------
Test set: GoodJobProject.DefinitionTestSuite
-------------------------------------------------------------------------------
Tests run: 3, Failures: 1, Errors: 0, Skipped: 0, Time elapsed: 176.803 sec <<< FAILURE! - in GoodJobProject.DefinitionTestSuite
Login and verify on home page(Login to GoodJob)  Time elapsed: 54.323 sec  <<< FAILURE!
junit.framework.ComparisonFailure: expected:<Welcome Partner[1]> but was:<Welcome Partner[]>

