-------------------------------------------------------------------------------
Test set: GoodJobProject.DefinitionTestSuite
-------------------------------------------------------------------------------
Tests run: 1, Failures: 1, Errors: 0, Skipped: 0, Time elapsed: 93.78 sec <<< FAILURE! - in GoodJobProject.DefinitionTestSuite
Update User Profile(Update User Profile)  Time elapsed: 90.115 sec  <<< FAILURE!
junit.framework.AssertionFailedError: expected:<false> but was:<true>

