<?xml version="1.0" encoding="UTF-8"?>
<testsuite xmlns:xsi="http://www.w3.org/2001/XMLSchema-instance" xsi:schemaLocation="https://maven.apache.org/surefire/maven-surefire-plugin/xsd/surefire-test-report.xsd" name="GoodJobProject.DefinitionTestSuite" time="102.181" tests="2" errors="2" skipped="0" failures="0">
  <properties>
[...]
</properties>
  <testcase name="Update all user" classname="Change User Profile" time="50.726">
    <error message="The following error occurred: Expected enabled element was not enabled" type="net.serenitybdd.core.exceptions.SerenityManagedException">net.serenitybdd.core.exceptions.SerenityManagedException: The following error occurred: Expected enabled element was not enabled
Caused by: org.openqa.selenium.TimeoutException: Expected condition failed: waiting for By.cssSelector: //*[contains(text(),'Yen'] to be enabled (tried for 5 second(s) with 100 MILLISECONDS interval)
Caused by: org.openqa.selenium.InvalidSelectorException: 
Given css selector expression "//*[contains(text(),'Yen']" is invalid: InvalidSelectorError: '//*[contains(text(),'Yen']' is not a valid selector: "//*[contains(text(),'Yen']"
For documentation on this error, please visit: http://seleniumhq.org/exceptions/invalid_selector_exception.html
Build info: version: '3.7.0', revision: '2321c73', time: '2017-11-02T22:22:35.584Z'
System info: host: 'KVTRUYEN', ip: '192.168.56.1', os.name: 'Windows 10', os.arch: 'amd64', os.version: '10.0', java.version: '1.8.0_144'
Driver info: org.openqa.selenium.remote.RemoteWebDriver
Capabilities {acceptInsecureCerts: true, browserName: firefox, browserVersion: 56.0.1, javascriptEnabled: true, moz:accessibilityChecks: false, moz:headless: false, moz:processID: 12136, moz:profile: C:\Users\kvtruyen\AppData\L..., pageLoadStrategy: normal, platform: XP, platformName: XP, platformVersion: 10.0, rotatable: false, specificationLevel: 0, timeouts: {implicit: 0, pageLoad: 300000, script: 30000}}
Session ID: e67ecabc-78b3-4d42-a943-41936d79f713
*** Element info: {Using=css selector, value=//*[contains(text(),'Yen']}
</error>
    <system-out><![CDATA[XXX Created runtime cucumber.runtime.RuntimeOptions@4e7912d8
Separator = ;
]]></system-out>
    <system-err><![CDATA[[main] INFO net.serenitybdd.core.Serenity - &amp#27;[36m

-------------------------------------------------------------------------------------
     _______. _______ .______       _______ .__   __.  __  .___________.____    ____ 
    /       ||   ____||   _  \     |   ____||  \ |  | |  | |           |\   \  /   / 
   |   (----`|  |__   |  |_)  |    |  |__   |   \|  | |  | `---|  |----` \   \/   /  
    \   \    |   __|  |      /     |   __|  |  . `  | |  |     |  |       \_    _/   
.----)   |   |  |____ |  |\  \----.|  |____ |  |\   | |  |     |  |         |  |     
|_______/    |_______|| _| `._____||_______||__| \__| |__|     |__|         |__|    
                                                                                     
 News and tutorials at http://www.serenity-bdd.info                                  
 Documentation at https://wakaleo.gitbooks.io/the-serenity-book/content/             
 Join the Serenity Community on Rocket Chat at https://serenity-bdd.rocket.chat      
 Serenity BDD Support and Training at http://serenity-bdd.info/#/trainingandsupport  
 Learn Serenity BDD online at http://serenity-dojo.com                               
-------------------------------------------------------------------------------------
&amp#27;[0m
[main] INFO net.serenitybdd.core.Serenity - Test Suite Started: Change User Profile
[main] INFO net.serenitybdd.core.Serenity - 
 _____ _____ ____ _____   ____ _____  _    ____ _____ _____ ____  
|_   _| ____/ ___|_   _| / ___|_   _|/ \  |  _ \_   _| ____|  _ \ 
  | | |  _| \___ \ | |   \___ \ | | / _ \ | |_) || | |  _| | | | |
  | | | |___ ___) || |    ___) || |/ ___ \|  _ < | | | |___| |_| |
  |_| |_____|____/ |_|   |____/ |_/_/   \_\_| \_\|_| |_____|____/ 
                                                                  

TEST STARTED: Update all user
-------------------------------------------------------------------(change-user-profile;update-all-user)
Nov 29, 2017 8:15:04 PM org.openqa.selenium.remote.ProtocolHandshake createSession
INFO: Detected dialect: W3C
[main] ERROR net.serenitybdd.core.Serenity - 
           __  _____ _____ ____ _____   _____ _    ___ _     _____ ____  
  _       / / |_   _| ____/ ___|_   _| |  ___/ \  |_ _| |   | ____|  _ \ 
 (_)_____| |    | | |  _| \___ \ | |   | |_ / _ \  | || |   |  _| | | | |
  _|_____| |    | | | |___ ___) || |   |  _/ ___ \ | || |___| |___| |_| |
 (_)     | |    |_| |_____|____/ |_|   |_|/_/   \_\___|_____|_____|____/ 
          \_\                                                            

TEST FAILED: Update all user
--------------------------------------------------------------------------
[main] ERROR net.serenitybdd.core.Serenity - TEST FAILED AT STEP Open detail user screen: Yen
[main] ERROR net.serenitybdd.core.Serenity - The following error occurred: Expected enabled element was not enabledBuild info: version: '3.7.0', revision: '2321c73', time: '2017-11-02T22:22:35.584Z'System info: host: 'KVTRUYEN', ip: '192.168.56.1', os.name: 'Windows 10', os.arch: 'amd64', os.version: '10.0', java.version: '1.8.0_144'Driver info: driver.version: unknown
]]></system-err>
  </testcase>
  <testcase name="Update all user" classname="Change User Profile" time="49.47">
    <error message="The following error occurred: Expected enabled element was not enabled" type="net.serenitybdd.core.exceptions.SerenityManagedException">net.serenitybdd.core.exceptions.SerenityManagedException: The following error occurred: Expected enabled element was not enabled
Caused by: org.openqa.selenium.TimeoutException: Expected condition failed: waiting for By.cssSelector: //*[contains(text(),'FPT_123'] to be enabled (tried for 5 second(s) with 100 MILLISECONDS interval)
Caused by: org.openqa.selenium.InvalidSelectorException: 
Given css selector expression "//*[contains(text(),'FPT_123']" is invalid: InvalidSelectorError: '//*[contains(text(),'FPT_123']' is not a valid selector: "//*[contains(text(),'FPT_123']"
For documentation on this error, please visit: http://seleniumhq.org/exceptions/invalid_selector_exception.html
Build info: version: '3.7.0', revision: '2321c73', time: '2017-11-02T22:22:35.584Z'
System info: host: 'KVTRUYEN', ip: '192.168.56.1', os.name: 'Windows 10', os.arch: 'amd64', os.version: '10.0', java.version: '1.8.0_144'
Driver info: org.openqa.selenium.remote.RemoteWebDriver
Capabilities {acceptInsecureCerts: true, browserName: firefox, browserVersion: 56.0.1, javascriptEnabled: true, moz:accessibilityChecks: false, moz:headless: false, moz:processID: 4436, moz:profile: C:\Users\kvtruyen\AppData\L..., pageLoadStrategy: normal, platform: XP, platformName: XP, platformVersion: 10.0, rotatable: false, specificationLevel: 0, timeouts: {implicit: 0, pageLoad: 300000, script: 30000}}
Session ID: ecb1c0a7-b906-4959-a5ac-0a2160ed7bf9
*** Element info: {Using=css selector, value=//*[contains(text(),'FPT_123']}
</error>
    <system-out><![CDATA[Separator = ;
]]></system-out>
    <system-err><![CDATA[[main] ERROR net.serenitybdd.core.Serenity - 
           __  _____ _____ ____ _____   _____ _    ___ _     _____ ____  
  _       / / |_   _| ____/ ___|_   _| |  ___/ \  |_ _| |   | ____|  _ \ 
 (_)_____| |    | | |  _| \___ \ | |   | |_ / _ \  | || |   |  _| | | | |
  _|_____| |    | | | |___ ___) || |   |  _/ ___ \ | || |___| |___| |_| |
 (_)     | |    |_| |_____|____/ |_|   |_|/_/   \_\___|_____|_____|____/ 
          \_\                                                            

TEST FAILED: Update all user
--------------------------------------------------------------------------
[main] ERROR net.serenitybdd.core.Serenity - TEST FAILED AT STEP Open detail user screen: Yen
[main] ERROR net.serenitybdd.core.Serenity - The following error occurred: Expected enabled element was not enabledBuild info: version: '3.7.0', revision: '2321c73', time: '2017-11-02T22:22:35.584Z'System info: host: 'KVTRUYEN', ip: '192.168.56.1', os.name: 'Windows 10', os.arch: 'amd64', os.version: '10.0', java.version: '1.8.0_144'Driver info: driver.version: unknown
Nov 29, 2017 8:15:53 PM org.openqa.selenium.remote.ProtocolHandshake createSession
INFO: Detected dialect: W3C
[main] ERROR net.serenitybdd.core.Serenity - 
           __  _____ _____ ____ _____   _____ _    ___ _     _____ ____  
  _       / / |_   _| ____/ ___|_   _| |  ___/ \  |_ _| |   | ____|  _ \ 
 (_)_____| |    | | |  _| \___ \ | |   | |_ / _ \  | || |   |  _| | | | |
  _|_____| |    | | | |___ ___) || |   |  _/ ___ \ | || |___| |___| |_| |
 (_)     | |    |_| |_____|____/ |_|   |_|/_/   \_\___|_____|_____|____/ 
          \_\                                                            

TEST FAILED: Update all user
--------------------------------------------------------------------------
[main] ERROR net.serenitybdd.core.Serenity - TEST FAILED AT STEP Open detail user screen: FPT_123
[main] ERROR net.serenitybdd.core.Serenity - The following error occurred: Expected enabled element was not enabledBuild info: version: '3.7.0', revision: '2321c73', time: '2017-11-02T22:22:35.584Z'System info: host: 'KVTRUYEN', ip: '192.168.56.1', os.name: 'Windows 10', os.arch: 'amd64', os.version: '10.0', java.version: '1.8.0_144'Driver info: driver.version: unknown
]]></system-err>
  </testcase>
</testsuite>