<?xml version="1.0" encoding="UTF-8"?><testsuite errors="0" failures="1" name="Login first time" skipped="0" tests="1" time="81.87" timestamp="2018-01-31T17:48:32.782+07:00[Asia/Bangkok]"><testcase name="Login first time and verify role"><failure message="The following error occurred: Expected condition failed: waiting for ReportPage.showReportBtn to be present (tried for 5 second(s) with 100 MILLISECONDS interval)&#10;Build info: version: '3.7.0', revision: '2321c73', time: '2017-11-02T22:22:35.584Z'&#10;System info: host: 'KVTRUYEN', ip: '10.64.0.101', os.name: 'Windows 10', os.arch: 'amd64', os.version: '10.0', java.version: '1.8.0_144'&#10;Driver info: driver.version: unknown&#10;Build info: version: '3.7.0', revision: '2321c73', time: '2017-11-02T22:22:35.584Z'&#10;System info: host: 'KVTRUYEN', ip: '10.64.0.101', os.name: 'Windows 10', os.arch: 'amd64', os.version: '10.0', java.version: '1.8.0_144'&#10;Driver info: driver.version: unknown" type="net.thucydides.core.webdriver.exceptions.ElementShouldBePresentException">The following error occurred: Expected condition failed: waiting for ReportPage.showReportBtn to be present (tried for 5 second(s) with 100 MILLISECONDS interval)
Build info: version: '3.7.0', revision: '2321c73', time: '2017-11-02T22:22:35.584Z'
System info: host: 'KVTRUYEN', ip: '10.64.0.101', os.name: 'Windows 10', os.arch: 'amd64', os.version: '10.0', java.version: '1.8.0_144'
Driver info: driver.version: unknown
Build info: version: '3.7.0', revision: '2321c73', time: '2017-11-02T22:22:35.584Z'
System info: host: 'KVTRUYEN', ip: '10.64.0.101', os.name: 'Windows 10', os.arch: 'amd64', os.version: '10.0', java.version: '1.8.0_144'
Driver info: driver.version: unknown</failure><system-err>The following error occurred: Expected condition failed: waiting for ReportPage.showReportBtn to be present (tried for 5 second(s) with 100 MILLISECONDS interval)
Build info: version: '3.7.0', revision: '2321c73', time: '2017-11-02T22:22:35.584Z'
System info: host: 'KVTRUYEN', ip: '10.64.0.101', os.name: 'Windows 10', os.arch: 'amd64', os.version: '10.0', java.version: '1.8.0_144'
Driver info: driver.version: unknown
Build info: version: '3.7.0', revision: '2321c73', time: '2017-11-02T22:22:35.584Z'
System info: host: 'KVTRUYEN', ip: '10.64.0.101', os.name: 'Windows 10', os.arch: 'amd64', os.version: '10.0', java.version: '1.8.0_144'
Driver info: driver.version: unknown&#13;
GoodJobProject.pages.ReportPage.get_social_impact_scorecart_title(ReportPage.java:12)&#13;
GoodJobProject.steps.ReportStep.get_social_impact_scorecard_title(ReportStep.java:11)&#13;
GoodJobProject.GoodJobDefinition.companies_is_shown_on_screen(GoodJobDefinition.java:202)&#13;
cucumber.runner.Runner.runPickle(Runner.java:80)&#13;
</system-err></testcase></testsuite>